  Problem #6 to #10 Solutions.cpp
C:\Users\y7709\source\repos\04 - Algorithms & Problem-Solving Level 1 Solutions\Problem #6 to #10 Solutions\Problem #6 to #10 Solutions\Problem #6 to #10 Solutions.cpp(154,10): warning C4244: 'return': conversion from 'float' to 'short', possible loss of data
C:\Users\y7709\source\repos\04 - Algorithms & Problem-Solving Level 1 Solutions\Problem #6 to #10 Solutions\Problem #6 to #10 Solutions\Problem #6 to #10 Solutions.cpp(156,11): warning C4244: 'return': conversion from 'float' to 'short', possible loss of data
C:\Users\y7709\source\repos\04 - Algorithms & Problem-Solving Level 1 Solutions\Problem #6 to #10 Solutions\Problem #6 to #10 Solutions\Problem #6 to #10 Solutions.cpp(158,10): warning C4244: 'return': conversion from 'float' to 'short', possible loss of data
C:\Users\y7709\source\repos\04 - Algorithms & Problem-Solving Level 1 Solutions\Problem #6 to #10 Solutions\Problem #6 to #10 Solutions\Problem #6 to #10 Solutions.cpp(222,12): warning C4244: 'initializing': conversion from 'double' to 'float', possible loss of data
C:\Users\y7709\source\repos\04 - Algorithms & Problem-Solving Level 1 Solutions\Problem #6 to #10 Solutions\Problem #6 to #10 Solutions\Problem #6 to #10 Solutions.cpp(244,18): warning C4305: 'initializing': truncation from 'double' to 'float'
C:\Users\y7709\source\repos\04 - Algorithms & Problem-Solving Level 1 Solutions\Problem #6 to #10 Solutions\Problem #6 to #10 Solutions\Problem #6 to #10 Solutions.cpp(247,15): warning C4244: 'return': conversion from 'double' to 'float', possible loss of data
C:\Users\y7709\source\repos\04 - Algorithms & Problem-Solving Level 1 Solutions\Problem #6 to #10 Solutions\Problem #6 to #10 Solutions\Problem #6 to #10 Solutions.cpp(258,29): warning C4244: 'return': conversion from 'double' to 'float', possible loss of data
C:\Users\y7709\source\repos\04 - Algorithms & Problem-Solving Level 1 Solutions\Problem #6 to #10 Solutions\Problem #6 to #10 Solutions\Problem #6 to #10 Solutions.cpp(267,33): warning C4244: 'return': conversion from 'double' to 'float', possible loss of data
C:\Users\y7709\source\repos\04 - Algorithms & Problem-Solving Level 1 Solutions\Problem #6 to #10 Solutions\Problem #6 to #10 Solutions\Problem #6 to #10 Solutions.cpp(277,31): warning C4244: 'return': conversion from 'double' to 'float', possible loss of data
C:\Users\y7709\source\repos\04 - Algorithms & Problem-Solving Level 1 Solutions\Problem #6 to #10 Solutions\Problem #6 to #10 Solutions\Problem #6 to #10 Solutions.cpp(287,10): warning C4244: 'initializing': conversion from 'double' to 'float', possible loss of data
C:\Users\y7709\source\repos\04 - Algorithms & Problem-Solving Level 1 Solutions\Problem #6 to #10 Solutions\Problem #6 to #10 Solutions\Problem #6 to #10 Solutions.cpp(299,10): warning C4244: 'initializing': conversion from 'double' to 'float', possible loss of data
C:\Users\y7709\source\repos\04 - Algorithms & Problem-Solving Level 1 Solutions\Problem #6 to #10 Solutions\Problem #6 to #10 Solutions\Problem #6 to #10 Solutions.cpp(300,12): warning C4244: 'return': conversion from 'double' to 'float', possible loss of data
C:\Users\y7709\source\repos\04 - Algorithms & Problem-Solving Level 1 Solutions\Problem #6 to #10 Solutions\Problem #6 to #10 Solutions\Problem #6 to #10 Solutions.cpp(563,11): warning C4305: 'return': truncation from 'double' to 'float'
C:\Users\y7709\source\repos\04 - Algorithms & Problem-Solving Level 1 Solutions\Problem #6 to #10 Solutions\Problem #6 to #10 Solutions\Problem #6 to #10 Solutions.cpp(566,10): warning C4305: 'return': truncation from 'double' to 'float'
C:\Users\y7709\source\repos\04 - Algorithms & Problem-Solving Level 1 Solutions\Problem #6 to #10 Solutions\Problem #6 to #10 Solutions\Problem #6 to #10 Solutions.cpp(569,10): warning C4305: 'return': truncation from 'double' to 'float'
C:\Users\y7709\source\repos\04 - Algorithms & Problem-Solving Level 1 Solutions\Problem #6 to #10 Solutions\Problem #6 to #10 Solutions\Problem #6 to #10 Solutions.cpp(684,12): warning C4244: 'initializing': conversion from 'double' to 'short', possible loss of data
C:\Users\y7709\source\repos\04 - Algorithms & Problem-Solving Level 1 Solutions\Problem #6 to #10 Solutions\Problem #6 to #10 Solutions\Problem #6 to #10 Solutions.cpp(726,38): warning C4305: 'argument': truncation from 'double' to 'float'
C:\Users\y7709\source\repos\04 - Algorithms & Problem-Solving Level 1 Solutions\Problem #6 to #10 Solutions\Problem #6 to #10 Solutions\Problem #6 to #10 Solutions.cpp(726,29): warning C4244: '=': conversion from 'float' to 'short', possible loss of data
C:\Users\y7709\source\repos\04 - Algorithms & Problem-Solving Level 1 Solutions\Problem #6 to #10 Solutions\Problem #6 to #10 Solutions\Problem #6 to #10 Solutions.cpp(727,36): warning C4305: 'argument': truncation from 'double' to 'float'
C:\Users\y7709\source\repos\04 - Algorithms & Problem-Solving Level 1 Solutions\Problem #6 to #10 Solutions\Problem #6 to #10 Solutions\Problem #6 to #10 Solutions.cpp(578,1): warning C4715: 'EmployeePercentage': not all control paths return a value
C:\Users\y7709\source\repos\04 - Algorithms & Problem-Solving Level 1 Solutions\Problem #6 to #10 Solutions\Problem #6 to #10 Solutions\Problem #6 to #10 Solutions.cpp(677,1): warning C4715: 'Calculater': not all control paths return a value
  Problem #6 to #10 Solutions.vcxproj -> C:\Users\y7709\source\repos\04 - Algorithms & Problem-Solving Level 1 Solutions\Problem #6 to #10 Solutions\x64\Debug\Problem #6 to #10 Solutions.exe
